app/build/intermediates/manifest_merge_blame_file/debug/manifest-merger-blame-debug-report.txt
1<?xml version="1.0" encoding="utf-8"?>
2<manifest xmlns:android="http://schemas.android.com/apk/res/android"
3    package="it.moondroid.coverflowdemo"
4    android:versionCode="1"
5    android:versionName="1.0" >
6
7    <uses-sdk
8        android:minSdkVersion="22"
8-->src\main\AndroidManifest.xml
9        android:targetSdkVersion="22" />
9-->src\main\AndroidManifest.xml
10
11    <!-- 添加权限 -->
12    <uses-permission android:name="android.permission.RECEIVE_BOOT_COMPLETED" />
12-->src\main\AndroidManifest.xml:106:5-97
12-->src\main\AndroidManifest.xml:106:22-78
13
14    <application
14-->src\main\AndroidManifest.xml:5:5-103:19
15        android:allowBackup="true"
15-->src\main\AndroidManifest.xml:6:9-35
16        android:debuggable="true"
17        android:icon="@mipmap/icon"
17-->src\main\AndroidManifest.xml:7:9-36
18        android:label="@string/app_name"
18-->src\main\AndroidManifest.xml:8:9-41
19        android:testOnly="true"
20        android:theme="@style/AppTheme.NoActionBar" >
20-->src\main\AndroidManifest.xml:9:9-52
21        <activity
21-->src\main\AndroidManifest.xml:12:10-19:21
22            android:name="com.controller.LandingpageActivity"
22-->src\main\AndroidManifest.xml:13:10-45
23            android:label="@string/app_name" >
23-->src\main\AndroidManifest.xml:14:10-42
24            <intent-filter>
24-->src\main\AndroidManifest.xml:15:10-18:26
25                <action android:name="android.intent.action.MAIN" />
25-->src\main\AndroidManifest.xml:16:10-62
25-->src\main\AndroidManifest.xml:16:18-59
26
27                <category android:name="android.intent.category.LAUNCHER" />
27-->src\main\AndroidManifest.xml:17:10-70
27-->src\main\AndroidManifest.xml:17:20-67
28            </intent-filter>
29        </activity>
30        <activity
30-->src\main\AndroidManifest.xml:20:9-23:20
31            android:name="com.controller.temperature_monitorActivity"
31-->src\main\AndroidManifest.xml:21:13-56
32            android:label="@string/app_name" >
32-->src\main\AndroidManifest.xml:22:13-45
33        </activity>
34        <activity
34-->src\main\AndroidManifest.xml:24:9-27:20
35            android:name="com.controller.cardActivity"
35-->src\main\AndroidManifest.xml:25:13-41
36            android:label="@string/app_name" >
36-->src\main\AndroidManifest.xml:26:13-45
37        </activity>
38
39        <!-- <activity -->
40        <!-- android:name="com.topelec.smarthome.MainActivity" -->
41        <!-- android:configChanges="orientation|keyboardHidden|screenSize" -->
42        <!-- android:theme="@style/FullscreenTheme"> -->
43        <!-- <intent-filter> -->
44        <!-- <action android:name="com.topelec.smarthome.ACTION_SMARTHOME" /> -->
45
46
47        <!-- <category android:name="android.intent.category.DEFAULT" /> -->
48        <!-- </intent-filter> -->
49        <!-- </activity> -->
50        <!-- <activity android:name="com.topelec.smarthome.Settings" /> -->
51        <!-- <activity android:name="com.topelec.smartagriculture.MainActivity"> -->
52        <!-- <intent-filter> -->
53        <!-- <action android:name="com.topelec.smartagriculture.ACTION_AGRICULTURE" /> -->
54
55
56        <!-- <category android:name="android.intent.category.DEFAULT" /> -->
57        <!-- </intent-filter> -->
58        <!-- </activity> -->
59        <!-- <activity android:name="com.topelec.smartagriculture.SmartAgricultureSettings" /> -->
60        <!-- <activity android:name="com.topelec.foodtraceability.QueryActivity"> -->
61        <!-- <intent-filter> -->
62        <!-- <action android:name="com.topelec.foodtraceability.ACTION_FOODTRACEABILITY" /> -->
63
64
65        <!-- <category android:name="android.intent.category.DEFAULT" /> -->
66        <!-- </intent-filter> -->
67        <!-- </activity> -->
68        <!-- <activity android:name="com.topelec.foodtraceability.SettingsActivity" /> -->
69        <!-- <activity android:name="com.topelec.buscard.CardActivityGroup"> -->
70        <!-- <intent-filter> -->
71        <!-- <action android:name="com.topelec.buscard.ACTION_BUSCARD" /> -->
72
73
74        <!-- <category android:name="android.intent.category.DEFAULT" /> -->
75        <!-- </intent-filter> -->
76        <!-- </activity> -->
77        <!-- <activity android:name="com.topelec.buscard.RechargeActivity" /> -->
78        <!-- <activity android:name="com.topelec.buscard.ResumeActivity" /> -->
79
80
81        <!-- <activity -->
82        <!-- android:name="com.topelec.sensortest.zigbeetest" -->
83        <!-- android:configChanges="orientation|keyboardHidden|screenSize" -->
84        <!-- android:label="@string/title_activity_zigbeetest" -->
85        <!-- android:theme="@style/FullscreenTheme"> -->
86        <!-- <intent-filter> -->
87        <!-- <action android:name="com.topelec.sensortest.ACTION_ZIGBEE" /> -->
88
89
90        <!-- <category android:name="android.intent.category.DEFAULT" /> -->
91        <!-- </intent-filter> -->
92        <!-- </activity> -->
93
94
95        <!-- &lt;!&ndash;智能家居实验墙&ndash;&gt; -->
96        <!-- <activity android:name="com.topelec.smarthomewall.SmarthomeWallActivity"> -->
97        <!-- <intent-filter> -->
98        <!-- <action android:name="android.intent.action.MAIN" /> -->
99
100
101        <!-- <category android:name="android.intent.category.LAUNCHER" /> -->
102        <!-- </intent-filter> -->
103        <!-- </activity> -->
104        <!-- <activity -->
105        <!-- android:name="com.topelec.smarthomewall.SettingsSmarthomewall" -->
106        <!-- android:label="@string/title_activity_settings_smarthomewall"></activity> -->
107
108        <receiver android:name="com.controller.BootReceiver" >
108-->src\main\AndroidManifest.xml:96:9-102:20
108-->src\main\AndroidManifest.xml:96:19-61
109            <intent-filter>
109-->src\main\AndroidManifest.xml:97:13-101:29
110
111                <!-- 系统启动完成后会调用 -->
112                <action android:name="android.intent.action.BOOT_COMPLETED" >
112-->src\main\AndroidManifest.xml:99:17-100:26
112-->src\main\AndroidManifest.xml:99:25-76
113                </action>
114            </intent-filter>
115        </receiver>
116
117        <activity
117-->[com.google.android.gms:play-services-base:9.8.0] AndroidManifest.xml:19:9-172
118            android:name="com.google.android.gms.common.api.GoogleApiActivity"
118-->[com.google.android.gms:play-services-base:9.8.0] AndroidManifest.xml:19:19-85
119            android:exported="false"
119-->[com.google.android.gms:play-services-base:9.8.0] AndroidManifest.xml:19:146-170
120            android:theme="@android:style/Theme.Translucent.NoTitleBar" />
120-->[com.google.android.gms:play-services-base:9.8.0] AndroidManifest.xml:19:86-145
121
122        <provider
122-->[com.google.firebase:firebase-common:9.8.0] AndroidManifest.xml:6:9-175
123            android:name="com.google.firebase.provider.FirebaseInitProvider"
123-->[com.google.firebase:firebase-common:9.8.0] AndroidManifest.xml:6:79-124
124            android:authorities="it.moondroid.coverflowdemo.firebaseinitprovider"
124-->[com.google.firebase:firebase-common:9.8.0] AndroidManifest.xml:6:19-78
125            android:exported="false"
125-->[com.google.firebase:firebase-common:9.8.0] AndroidManifest.xml:6:125-149
126            android:initOrder="100" />
126-->[com.google.firebase:firebase-common:9.8.0] AndroidManifest.xml:6:150-173
127
128        <meta-data
128-->[com.google.android.gms:play-services-basement:9.8.0] AndroidManifest.xml:20:9-121
129            android:name="com.google.android.gms.version"
129-->[com.google.android.gms:play-services-basement:9.8.0] AndroidManifest.xml:20:20-65
130            android:value="@integer/google_play_services_version" />
130-->[com.google.android.gms:play-services-basement:9.8.0] AndroidManifest.xml:20:66-119
131    </application>
132
133</manifest>